<?xml version="1.0" encoding="UTF-8"?>
<!-- Generated by org.testng.reporters.JUnitXMLReporter -->
<testsuite hostname="yarlagadda" ignored="0" name="Test" tests="3" failures="0" timestamp="18 Feb 2019 16:33:36 GMT" time="64.387" errors="0">
  <testcase name="callingfromreqmethods" time="22.065" classname="Academy.e2ea1"/>
  <testcase name="callingfromreqmethods" time="24.673" classname="Academy.e2ea1"/>
  <testcase name="assertiontst" time="0.353" classname="Academy.assertions"/>
</testsuite> <!-- Test -->
